\BOOKMARK [0][-]{chapter.1}{\376\377\000I\000n\000t\000r\000o\000d\000u\000c\000t\000i\000o\000n}{}% 1
\BOOKMARK [1][-]{section.1.1}{\376\377\000d\000o\000p\000p\000l\000e\000r\000\137\000d\000i\000m\000m\000i\000n\000g\000\137\000l\000i\000b\000\040\000p\000a\000c\000k\000a\000g\000e}{chapter.1}% 2
\BOOKMARK [2][-]{subsection.1.1.1}{\376\377\000S\000u\000b\000p\000a\000c\000k\000a\000g\000e\000s}{section.1.1}% 3
\BOOKMARK [3][-]{subsubsection.1.1.1.1}{\376\377\000d\000o\000p\000p\000l\000e\000r\000\137\000d\000i\000m\000m\000i\000n\000g\000\137\000l\000i\000b\000.\000c\000\137\000l\000i\000b\000r\000a\000r\000i\000e\000s\000\040\000p\000a\000c\000k\000a\000g\000e}{subsection.1.1.1}% 4
\BOOKMARK [4][-]{paragraph.1.1.1.1.1}{\376\377\000S\000u\000b\000m\000o\000d\000u\000l\000e\000s}{subsubsection.1.1.1.1}% 5
\BOOKMARK [4][-]{paragraph.1.1.1.1.2}{\376\377\000d\000o\000p\000p\000l\000e\000r\000\137\000d\000i\000m\000m\000i\000n\000g\000\137\000l\000i\000b\000.\000c\000\137\000l\000i\000b\000r\000a\000r\000i\000e\000s\000.\000c\000\137\000l\000i\000b\000\040\000m\000o\000d\000u\000l\000e}{subsubsection.1.1.1.1}% 6
\BOOKMARK [4][-]{paragraph.1.1.1.1.3}{\376\377\000d\000o\000p\000p\000l\000e\000r\000\137\000d\000i\000m\000m\000i\000n\000g\000\137\000l\000i\000b\000.\000c\000\137\000l\000i\000b\000r\000a\000r\000i\000e\000s\000.\000i\000n\000t\000e\000g\000r\000a\000n\000d\000s\000\137\000l\000i\000b\000\040\000m\000o\000d\000u\000l\000e}{subsubsection.1.1.1.1}% 7
\BOOKMARK [4][-]{paragraph.1.1.1.1.4}{\376\377\000M\000o\000d\000u\000l\000e\000\040\000c\000o\000n\000t\000e\000n\000t\000s}{subsubsection.1.1.1.1}% 8
\BOOKMARK [3][-]{subsubsection.1.1.1.2}{\376\377\000d\000o\000p\000p\000l\000e\000r\000\137\000d\000i\000m\000m\000i\000n\000g\000\137\000l\000i\000b\000.\000d\000a\000t\000a\000\040\000p\000a\000c\000k\000a\000g\000e}{subsection.1.1.1}% 9
\BOOKMARK [4][-]{paragraph.1.1.1.2.1}{\376\377\000M\000o\000d\000u\000l\000e\000\040\000c\000o\000n\000t\000e\000n\000t\000s}{subsubsection.1.1.1.2}% 10
\BOOKMARK [3][-]{subsubsection.1.1.1.3}{\376\377\000d\000o\000p\000p\000l\000e\000r\000\137\000d\000i\000m\000m\000i\000n\000g\000\137\000l\000i\000b\000.\000s\000p\000e\000c\000t\000r\000a\000\040\000p\000a\000c\000k\000a\000g\000e}{subsection.1.1.1}% 11
\BOOKMARK [4][-]{paragraph.1.1.1.3.1}{\376\377\000S\000u\000b\000m\000o\000d\000u\000l\000e\000s}{subsubsection.1.1.1.3}% 12
\BOOKMARK [4][-]{paragraph.1.1.1.3.2}{\376\377\000d\000o\000p\000p\000l\000e\000r\000\137\000d\000i\000m\000m\000i\000n\000g\000\137\000l\000i\000b\000.\000s\000p\000e\000c\000t\000r\000a\000.\000s\000p\000e\000c\000t\000r\000a\000\040\000m\000o\000d\000u\000l\000e}{subsubsection.1.1.1.3}% 13
\BOOKMARK [4][-]{paragraph.1.1.1.3.3}{\376\377\000M\000o\000d\000u\000l\000e\000\040\000c\000o\000n\000t\000e\000n\000t\000s}{subsubsection.1.1.1.3}% 14
\BOOKMARK [2][-]{subsection.1.1.2}{\376\377\000S\000u\000b\000m\000o\000d\000u\000l\000e\000s}{section.1.1}% 15
\BOOKMARK [2][-]{subsection.1.1.3}{\376\377\000d\000o\000p\000p\000l\000e\000r\000\137\000d\000i\000m\000m\000i\000n\000g\000\137\000l\000i\000b\000.\000c\000o\000d\000e\000x\000\040\000m\000o\000d\000u\000l\000e}{section.1.1}% 16
\BOOKMARK [2][-]{subsection.1.1.4}{\376\377\000d\000o\000p\000p\000l\000e\000r\000\137\000d\000i\000m\000m\000i\000n\000g\000\137\000l\000i\000b\000.\000d\000a\000t\000a\000c\000u\000b\000e\000s\000\040\000m\000o\000d\000u\000l\000e}{section.1.1}% 17
\BOOKMARK [2][-]{subsection.1.1.5}{\376\377\000d\000o\000p\000p\000l\000e\000r\000\137\000d\000i\000m\000m\000i\000n\000g\000\137\000l\000i\000b\000.\000i\000n\000t\000e\000g\000r\000a\000l\000s\000\040\000m\000o\000d\000u\000l\000e}{section.1.1}% 18
\BOOKMARK [2][-]{subsection.1.1.6}{\376\377\000d\000o\000p\000p\000l\000e\000r\000\137\000d\000i\000m\000m\000i\000n\000g\000\137\000l\000i\000b\000.\000i\000n\000v\000e\000r\000s\000i\000o\000n\000\040\000m\000o\000d\000u\000l\000e}{section.1.1}% 19
\BOOKMARK [2][-]{subsection.1.1.7}{\376\377\000d\000o\000p\000p\000l\000e\000r\000\137\000d\000i\000m\000m\000i\000n\000g\000\137\000l\000i\000b\000.\000m\000e\000t\000i\000s\000\040\000m\000o\000d\000u\000l\000e}{section.1.1}% 20
\BOOKMARK [2][-]{subsection.1.1.8}{\376\377\000d\000o\000p\000p\000l\000e\000r\000\137\000d\000i\000m\000m\000i\000n\000g\000\137\000l\000i\000b\000.\000p\000a\000r\000a\000l\000l\000e\000l\000i\000z\000a\000t\000i\000o\000n\000\040\000m\000o\000d\000u\000l\000e}{section.1.1}% 21
\BOOKMARK [2][-]{subsection.1.1.9}{\376\377\000d\000o\000p\000p\000l\000e\000r\000\137\000d\000i\000m\000m\000i\000n\000g\000\137\000l\000i\000b\000.\000u\000t\000i\000l\000s\000\040\000m\000o\000d\000u\000l\000e}{section.1.1}% 22
\BOOKMARK [2][-]{subsection.1.1.10}{\376\377\000M\000o\000d\000u\000l\000e\000\040\000c\000o\000n\000t\000e\000n\000t\000s}{section.1.1}% 23
\BOOKMARK [0][-]{chapter.2}{\376\377\000I\000n\000d\000i\000c\000e\000s\000\040\000a\000n\000d\000\040\000t\000a\000b\000l\000e\000s}{}% 24
\BOOKMARK [0][-]{section*.42}{\376\377\000P\000y\000t\000h\000o\000n\000\040\000M\000o\000d\000u\000l\000e\000\040\000I\000n\000d\000e\000x}{}% 25
\BOOKMARK [0][-]{section*.43}{\376\377\000I\000n\000d\000e\000x}{}% 26
